<?xml version="1.0" encoding="UTF-8"?>
<testng-results ignored="0" total="2" passed="2" failed="0" skipped="0">
  <reporter-output>
  </reporter-output>
  <suite started-at="2024-04-09T12:44:48 IST" name="Suite" finished-at="2024-04-09T12:45:57 IST" duration-ms="68366">
    <groups>
    </groups>
    <test started-at="2024-04-09T12:44:48 IST" name="Test" finished-at="2024-04-09T12:45:57 IST" duration-ms="68366">
      <class name="com.computech.testcases.SampleTest">
        <test-method is-config="true" signature="setupBrowser()[pri:0, instance:com.computech.testcases.SampleTest@2dc54ad4]" started-at="2024-04-09T12:44:49 IST" name="setupBrowser" finished-at="2024-04-09T12:44:55 IST" duration-ms="5842" status="PASS">
          <reporter-output>
          </reporter-output>
        </test-method> <!-- setupBrowser -->
        <test-method signature="LoginAndLogoutTest()[pri:0, instance:com.computech.testcases.SampleTest@2dc54ad4]" started-at="2024-04-09T12:44:55 IST" name="LoginAndLogoutTest" finished-at="2024-04-09T12:45:22 IST" duration-ms="26744" status="PASS">
          <reporter-output>
          </reporter-output>
        </test-method> <!-- LoginAndLogoutTest -->
        <test-method is-config="true" signature="tearDown()[pri:0, instance:com.computech.testcases.SampleTest@2dc54ad4]" started-at="2024-04-09T12:45:22 IST" name="tearDown" finished-at="2024-04-09T12:45:22 IST" duration-ms="1" status="PASS">
          <reporter-output>
          </reporter-output>
        </test-method> <!-- tearDown -->
        <test-method is-config="true" signature="setupBrowser()[pri:0, instance:com.computech.testcases.SampleTest@2dc54ad4]" started-at="2024-04-09T12:45:22 IST" name="setupBrowser" finished-at="2024-04-09T12:45:27 IST" duration-ms="4889" status="PASS">
          <reporter-output>
          </reporter-output>
        </test-method> <!-- setupBrowser -->
        <test-method signature="Login_CreateLeadAndLogoutTest()[pri:0, instance:com.computech.testcases.SampleTest@2dc54ad4]" started-at="2024-04-09T12:45:27 IST" name="Login_CreateLeadAndLogoutTest" finished-at="2024-04-09T12:45:57 IST" duration-ms="30239" status="PASS">
          <reporter-output>
          </reporter-output>
        </test-method> <!-- Login_CreateLeadAndLogoutTest -->
        <test-method is-config="true" signature="tearDown()[pri:0, instance:com.computech.testcases.SampleTest@2dc54ad4]" started-at="2024-04-09T12:45:57 IST" name="tearDown" finished-at="2024-04-09T12:45:57 IST" duration-ms="1" status="PASS">
          <reporter-output>
          </reporter-output>
        </test-method> <!-- tearDown -->
      </class> <!-- com.computech.testcases.SampleTest -->
    </test> <!-- Test -->
  </suite> <!-- Suite -->
</testng-results>
