<?xml version="1.0" encoding="UTF-8"?>
<testng-results ignored="0" total="2" passed="2" failed="0" skipped="0">
  <reporter-output>
  </reporter-output>
  <suite started-at="2024-04-03T10:29:09 IST" name="Suite" finished-at="2024-04-03T10:29:53 IST" duration-ms="44084">
    <groups>
    </groups>
    <test started-at="2024-04-03T10:29:09 IST" name="Test" finished-at="2024-04-03T10:29:53 IST" duration-ms="44084">
      <class name="com.computech.testcases.SampleTest">
        <test-method is-config="true" signature="setupBrowser()[pri:0, instance:com.computech.testcases.SampleTest@4b013c76]" started-at="2024-04-03T10:29:09 IST" name="setupBrowser" finished-at="2024-04-03T10:29:13 IST" duration-ms="3213" status="PASS">
          <reporter-output>
          </reporter-output>
        </test-method> <!-- setupBrowser -->
        <test-method signature="LoginAndLogoutTest()[pri:0, instance:com.computech.testcases.SampleTest@4b013c76]" started-at="2024-04-03T10:29:13 IST" name="LoginAndLogoutTest" finished-at="2024-04-03T10:29:28 IST" duration-ms="15843" status="PASS">
          <reporter-output>
          </reporter-output>
        </test-method> <!-- LoginAndLogoutTest -->
        <test-method is-config="true" signature="tearDown()[pri:0, instance:com.computech.testcases.SampleTest@4b013c76]" started-at="2024-04-03T10:29:28 IST" name="tearDown" finished-at="2024-04-03T10:29:28 IST" duration-ms="0" status="PASS">
          <reporter-output>
          </reporter-output>
        </test-method> <!-- tearDown -->
        <test-method is-config="true" signature="setupBrowser()[pri:0, instance:com.computech.testcases.SampleTest@4b013c76]" started-at="2024-04-03T10:29:28 IST" name="setupBrowser" finished-at="2024-04-03T10:29:31 IST" duration-ms="3067" status="PASS">
          <reporter-output>
          </reporter-output>
        </test-method> <!-- setupBrowser -->
        <test-method signature="Login_CreateLeadAndLogoutTest()[pri:0, instance:com.computech.testcases.SampleTest@4b013c76]" started-at="2024-04-03T10:29:31 IST" name="Login_CreateLeadAndLogoutTest" finished-at="2024-04-03T10:29:53 IST" duration-ms="21540" status="PASS">
          <reporter-output>
          </reporter-output>
        </test-method> <!-- Login_CreateLeadAndLogoutTest -->
        <test-method is-config="true" signature="tearDown()[pri:0, instance:com.computech.testcases.SampleTest@4b013c76]" started-at="2024-04-03T10:29:53 IST" name="tearDown" finished-at="2024-04-03T10:29:53 IST" duration-ms="0" status="PASS">
          <reporter-output>
          </reporter-output>
        </test-method> <!-- tearDown -->
      </class> <!-- com.computech.testcases.SampleTest -->
    </test> <!-- Test -->
  </suite> <!-- Suite -->
</testng-results>
